<?xml version="1.0" encoding="UTF-8"?>
<testsuite xmlns:xsi="http://www.w3.org/2001/XMLSchema-instance" xsi:noNamespaceSchemaLocation="https://maven.apache.org/surefire/maven-surefire-plugin/xsd/surefire-test-report.xsd" name="Scenario: calculate divide" time="0.564" tests="12" errors="0" skipped="0" failures="0">
  <properties>
    <property name="sun.desktop" value="windows"/>
    <property name="awt.toolkit" value="sun.awt.windows.WToolkit"/>
    <property name="file.encoding.pkg" value="sun.io"/>
    <property name="java.specification.version" value="1.8"/>
    <property name="sun.cpu.isalist" value="amd64"/>
    <property name="sun.jnu.encoding" value="Cp1252"/>
    <property name="java.class.path" value="C:\Unit_testing_POC\JenkinsPipeline\JenkinsDemo\testCalculator\target\test-classes;C:\Unit_testing_POC\JenkinsPipeline\JenkinsDemo\testCalculator\target\classes;C:\Users\mdivare\.m2\repository\junit\junit\4.11\junit-4.11.jar;C:\Users\mdivare\.m2\repository\org\hamcrest\hamcrest-core\1.3\hamcrest-core-1.3.jar;C:\Users\mdivare\.m2\repository\info\cukes\cucumber-java\1.2.3\cucumber-java-1.2.3.jar;C:\Users\mdivare\.m2\repository\info\cukes\cucumber-core\1.2.3\cucumber-core-1.2.3.jar;C:\Users\mdivare\.m2\repository\info\cukes\cucumber-html\0.2.3\cucumber-html-0.2.3.jar;C:\Users\mdivare\.m2\repository\info\cukes\cucumber-picocontainer\1.2.3\cucumber-picocontainer-1.2.3.jar;C:\Users\mdivare\.m2\repository\info\cukes\cucumber-jvm-deps\1.0.5\cucumber-jvm-deps-1.0.5.jar;C:\Users\mdivare\.m2\repository\info\cukes\gherkin\2.12.2\gherkin-2.12.2.jar;C:\Users\mdivare\.m2\repository\org\picocontainer\picocontainer\2.15\picocontainer-2.15.jar;C:\Users\mdivare\.m2\repository\info\cukes\cucumber-junit\1.2.3\cucumber-junit-1.2.3.jar;"/>
    <property name="java.vm.vendor" value="Oracle Corporation"/>
    <property name="sun.arch.data.model" value="64"/>
    <property name="user.variant" value=""/>
    <property name="java.vendor.url" value="http://java.oracle.com/"/>
    <property name="user.timezone" value=""/>
    <property name="java.vm.specification.version" value="1.8"/>
    <property name="os.name" value="Windows 10"/>
    <property name="user.country" value="US"/>
    <property name="sun.java.launcher" value="SUN_STANDARD"/>
    <property name="sun.boot.library.path" value="C:\Program Files\Java\jdk1.8.0_121\jre\bin"/>
    <property name="sun.java.command" value="C:\Users\mdivare\AppData\Local\Temp\surefire8422177572212650958\surefirebooter3499132046975794547.jar C:\Users\mdivare\AppData\Local\Temp\surefire8422177572212650958 2018-01-30T18-40-10_562-jvmRun1 surefire7645566861747791969tmp surefire_08565070332357288786tmp"/>
    <property name="surefire.test.class.path" value="C:\Unit_testing_POC\JenkinsPipeline\JenkinsDemo\testCalculator\target\test-classes;C:\Unit_testing_POC\JenkinsPipeline\JenkinsDemo\testCalculator\target\classes;C:\Users\mdivare\.m2\repository\junit\junit\4.11\junit-4.11.jar;C:\Users\mdivare\.m2\repository\org\hamcrest\hamcrest-core\1.3\hamcrest-core-1.3.jar;C:\Users\mdivare\.m2\repository\info\cukes\cucumber-java\1.2.3\cucumber-java-1.2.3.jar;C:\Users\mdivare\.m2\repository\info\cukes\cucumber-core\1.2.3\cucumber-core-1.2.3.jar;C:\Users\mdivare\.m2\repository\info\cukes\cucumber-html\0.2.3\cucumber-html-0.2.3.jar;C:\Users\mdivare\.m2\repository\info\cukes\cucumber-picocontainer\1.2.3\cucumber-picocontainer-1.2.3.jar;C:\Users\mdivare\.m2\repository\info\cukes\cucumber-jvm-deps\1.0.5\cucumber-jvm-deps-1.0.5.jar;C:\Users\mdivare\.m2\repository\info\cukes\gherkin\2.12.2\gherkin-2.12.2.jar;C:\Users\mdivare\.m2\repository\org\picocontainer\picocontainer\2.15\picocontainer-2.15.jar;C:\Users\mdivare\.m2\repository\info\cukes\cucumber-junit\1.2.3\cucumber-junit-1.2.3.jar;"/>
    <property name="sun.cpu.endian" value="little"/>
    <property name="user.home" value="C:\Users\mdivare"/>
    <property name="user.language" value="en"/>
    <property name="java.specification.vendor" value="Oracle Corporation"/>
    <property name="java.home" value="C:\Program Files\Java\jdk1.8.0_121\jre"/>
    <property name="basedir" value="C:\Unit_testing_POC\JenkinsPipeline\JenkinsDemo\testCalculator"/>
    <property name="file.separator" value="\"/>
    <property name="line.separator" value="&#10;"/>
    <property name="java.vm.specification.vendor" value="Oracle Corporation"/>
    <property name="java.specification.name" value="Java Platform API Specification"/>
    <property name="java.awt.graphicsenv" value="sun.awt.Win32GraphicsEnvironment"/>
    <property name="surefire.real.class.path" value="C:\Users\mdivare\AppData\Local\Temp\surefire8422177572212650958\surefirebooter3499132046975794547.jar"/>
    <property name="sun.boot.class.path" value="C:\Program Files\Java\jdk1.8.0_121\jre\lib\resources.jar;C:\Program Files\Java\jdk1.8.0_121\jre\lib\rt.jar;C:\Program Files\Java\jdk1.8.0_121\jre\lib\sunrsasign.jar;C:\Program Files\Java\jdk1.8.0_121\jre\lib\jsse.jar;C:\Program Files\Java\jdk1.8.0_121\jre\lib\jce.jar;C:\Program Files\Java\jdk1.8.0_121\jre\lib\charsets.jar;C:\Program Files\Java\jdk1.8.0_121\jre\lib\jfr.jar;C:\Program Files\Java\jdk1.8.0_121\jre\classes"/>
    <property name="user.script" value=""/>
    <property name="sun.management.compiler" value="HotSpot 64-Bit Tiered Compilers"/>
    <property name="java.runtime.version" value="1.8.0_121-b13"/>
    <property name="user.name" value="mdivare"/>
    <property name="path.separator" value=";"/>
    <property name="os.version" value="10.0"/>
    <property name="java.endorsed.dirs" value="C:\Program Files\Java\jdk1.8.0_121\jre\lib\endorsed"/>
    <property name="java.runtime.name" value="Java(TM) SE Runtime Environment"/>
    <property name="file.encoding" value="Cp1252"/>
    <property name="java.vm.name" value="Java HotSpot(TM) 64-Bit Server VM"/>
    <property name="localRepository" value="C:\Users\mdivare\.m2\repository"/>
    <property name="java.vendor.url.bug" value="http://bugreport.sun.com/bugreport/"/>
    <property name="java.io.tmpdir" value="C:\Users\mdivare\AppData\Local\Temp\"/>
    <property name="java.version" value="1.8.0_121"/>
    <property name="user.dir" value="C:\Unit_testing_POC\JenkinsPipeline\JenkinsDemo\testCalculator"/>
    <property name="os.arch" value="amd64"/>
    <property name="java.vm.specification.name" value="Java Virtual Machine Specification"/>
    <property name="java.awt.printerjob" value="sun.awt.windows.WPrinterJob"/>
    <property name="sun.os.patch.level" value=""/>
    <property name="java.library.path" value="C:\Program Files\Java\jdk1.8.0_121\jre\bin;C:\windows\Sun\Java\bin;C:\windows\system32;C:\windows;C:\Program Files\Docker\Docker\Resources\bin;C:\ProgramData\Oracle\Java\javapath;C:\windows\system32;C:\windows;C:\windows\System32\Wbem;C:\windows\System32\WindowsPowerShell\v1.0\;C:\Program Files (x86)\Enterprise Vault\EVClient\;C:\Program Files\TortoiseSVN\bin;C:\Program Files\Git\cmd;C:\Program Files (x86)\PuTTY\;C:\eclipse\plugins\org.apache.ant_1.8.4.v201303080030/bin;C:\apache-maven-3.5.0\bin;C:\Program Files\Amazon\AWSCLI\;C:\Program Files (x86)\Skype\Phone\;C:\apache-maven-3.5.0\bin;C:\Program Files\nodejs\;C:\Ruby24-x64\bin;C:\Users\mdivare\AppData\Local\Microsoft\WindowsApps;C:\Python27;C:\Python27\Scripts;C:\Applications\Atlassian\atlassian-plugin-sdk-6.2.14\apache-maven-3.2.1\bin;C:\Users\mdivare\AppData\Roaming\npm;."/>
    <property name="java.vm.info" value="mixed mode"/>
    <property name="java.vendor" value="Oracle Corporation"/>
    <property name="java.vm.version" value="25.121-b13"/>
    <property name="java.ext.dirs" value="C:\Program Files\Java\jdk1.8.0_121\jre\lib\ext;C:\windows\Sun\Java\lib\ext"/>
    <property name="sun.io.unicode.encoding" value="UnicodeLittle"/>
    <property name="java.class.version" value="52.0"/>
  </properties>
  <testcase name="Given I have a calc with 12 3" classname="Scenario: calculate add" time="0.002"/>
  <testcase name="When I ask it to say add" classname="Scenario: calculate add" time="0"/>
  <testcase name="Then it should answer with add 15" classname="Scenario: calculate add" time="0"/>
  <testcase name="Scenario: calculate add" classname="Scenario: calculate add" time="0.001"/>
  <testcase name="Given I have a calc with 12 3" classname="Scenario: calculate subtract" time="0"/>
  <testcase name="When I ask it to say subtract" classname="Scenario: calculate subtract" time="0"/>
  <testcase name="Then it should answer with sub 9" classname="Scenario: calculate subtract" time="0"/>
  <testcase name="Scenario: calculate subtract" classname="Scenario: calculate subtract" time="0"/>
  <testcase name="Given I have a calc with 12 3" classname="Scenario: calculate divide" time="0"/>
  <testcase name="When I ask it to say divide" classname="Scenario: calculate divide" time="0"/>
  <testcase name="Then it should answer with div 4" classname="Scenario: calculate divide" time="0"/>
  <testcase name="Scenario: calculate divide" classname="Scenario: calculate divide" time="0"/>
</testsuite>